[debug] [2021-07-05T13:54:21.401Z] ----------------------------------------------------------------------
[debug] [2021-07-05T13:54:21.403Z] Command:       C:\Program Files\nodejs\node.exe C:\Users\yacin\AppData\Roaming\npm\node_modules\firebase-tools\lib\bin\firebase.js init
[debug] [2021-07-05T13:54:21.404Z] CLI Version:   9.14.0
[debug] [2021-07-05T13:54:21.404Z] Platform:      win32
[debug] [2021-07-05T13:54:21.404Z] Node Version:  v14.15.3
[debug] [2021-07-05T13:54:21.405Z] Time:          Mon Jul 05 2021 15:54:21 GMT+0200 (Central European Summer Time)
[debug] [2021-07-05T13:54:21.405Z] ----------------------------------------------------------------------
[debug] 
[debug] [2021-07-05T13:54:21.411Z] > command requires scopes: ["email","openid","https://www.googleapis.com/auth/cloudplatformprojects.readonly","https://www.googleapis.com/auth/firebase","https://www.googleapis.com/auth/cloud-platform"]
[debug] [2021-07-05T13:54:21.411Z] > authorizing via signed-in user (projet2cp22@gmail.com)
[info] 
     ######## #### ########  ######## ########     ###     ######  ########
     ##        ##  ##     ## ##       ##     ##  ##   ##  ##       ##
     ######    ##  ########  ######   ########  #########  ######  ######
     ##        ##  ##    ##  ##       ##     ## ##     ##       ## ##
     ##       #### ##     ## ######## ########  ##     ##  ######  ########

You're about to initialize a Firebase project in this directory:

  C:\Users\yacin\Downloads\test car apps\Continous-tracking-master

[info] 
=== Project Setup
[info] 
[info] First, let's associate this project directory with a Firebase project.
[info] You can create multiple project aliases by running firebase use --add, 
[info] but for now we'll just set up a default project.
[info] 
[debug] [2021-07-05T13:54:28.275Z] >>> [apiv2][query] GET https://firebase.googleapis.com/v1beta1/projects pageSize=100
[debug] [2021-07-05T13:54:28.747Z] <<< [apiv2][status] GET https://firebase.googleapis.com/v1beta1/projects 200
[debug] [2021-07-05T13:54:28.747Z] <<< [apiv2][body] GET https://firebase.googleapis.com/v1beta1/projects [omitted]
[info] i  Using project trackify-c910a (Trackify) 
[info] 
=== Hosting Setup
[info] 
[info] Your public directory is the folder (relative to your project directory) that
[info] will contain Hosting assets to be uploaded with firebase deploy. If you
[info] have a build process for your assets, use your build's output directory.
[info] 
[debug] [2021-07-05T13:55:25.406Z] ----------------------------------------------------------------------
[debug] [2021-07-05T13:55:25.408Z] Command:       C:\Program Files\nodejs\node.exe C:\Users\yacin\AppData\Roaming\npm\node_modules\firebase-tools\lib\bin\firebase.js init
[debug] [2021-07-05T13:55:25.409Z] CLI Version:   9.14.0
[debug] [2021-07-05T13:55:25.409Z] Platform:      win32
[debug] [2021-07-05T13:55:25.409Z] Node Version:  v14.15.3
[debug] [2021-07-05T13:55:25.410Z] Time:          Mon Jul 05 2021 15:55:25 GMT+0200 (Central European Summer Time)
[debug] [2021-07-05T13:55:25.410Z] ----------------------------------------------------------------------
[debug] 
[debug] [2021-07-05T13:55:25.418Z] > command requires scopes: ["email","openid","https://www.googleapis.com/auth/cloudplatformprojects.readonly","https://www.googleapis.com/auth/firebase","https://www.googleapis.com/auth/cloud-platform"]
[debug] [2021-07-05T13:55:25.418Z] > authorizing via signed-in user (projet2cp22@gmail.com)
[info] 
     ######## #### ########  ######## ########     ###     ######  ########
     ##        ##  ##     ## ##       ##     ##  ##   ##  ##       ##
     ######    ##  ########  ######   ########  #########  ######  ######
     ##        ##  ##    ##  ##       ##     ## ##     ##       ## ##
     ##       #### ##     ## ######## ########  ##     ##  ######  ########

You're about to initialize a Firebase project in this directory:

  C:\Users\yacin\Downloads\test car apps\Continous-tracking-master

[info] 
=== Project Setup
[info] 
[info] First, let's associate this project directory with a Firebase project.
[info] You can create multiple project aliases by running firebase use --add, 
[info] but for now we'll just set up a default project.
[info] 
[debug] [2021-07-05T13:55:31.951Z] >>> [apiv2][query] GET https://firebase.googleapis.com/v1beta1/projects pageSize=100
[debug] [2021-07-05T13:55:32.499Z] <<< [apiv2][status] GET https://firebase.googleapis.com/v1beta1/projects 200
[debug] [2021-07-05T13:55:32.499Z] <<< [apiv2][body] GET https://firebase.googleapis.com/v1beta1/projects [omitted]
[info] i  Using project trackify-c910a (Trackify) 
[info] 
=== Hosting Setup
[info] 
[info] Your public directory is the folder (relative to your project directory) that
[info] will contain Hosting assets to be uploaded with firebase deploy. If you
[info] have a build process for your assets, use your build's output directory.
[info] 
[info] +  Wrote Continous-tracking-master/404.html 
[debug] [2021-07-05T13:56:03.393Z] >>> [apiv2][query] GET https://www.gstatic.com/firebasejs/releases.json [none]
[debug] [2021-07-05T13:56:03.686Z] <<< [apiv2][status] GET https://www.gstatic.com/firebasejs/releases.json 200
[debug] [2021-07-05T13:56:03.686Z] <<< [apiv2][body] GET https://www.gstatic.com/firebasejs/releases.json {"current":{"version":"8.7.0","browserURL":"https://www.gstatic.com/firebasejs/8.7.0/firebase.js","packageURL":"https://www.gstatic.com/firebasejs/8.7.0/firebase.tgz"},"live":{"version":"8.7","browserURL":"https://www.gstatic.com/firebasejs/live/8.7/firebase.js","packageURL":"https://www.gstatic.com/firebasejs/live/8.7/firebase.tgz"},"components":{"analytics":"https://www.gstatic.com/firebasejs/8.7.0/firebase-analytics.js","app":"https://www.gstatic.com/firebasejs/8.7.0/firebase-app.js","app-check":"https://www.gstatic.com/firebasejs/8.7.0/firebase-app-check.js","auth":"https://www.gstatic.com/firebasejs/8.7.0/firebase-auth.js","database":"https://www.gstatic.com/firebasejs/8.7.0/firebase-database.js","firestore":"https://www.gstatic.com/firebasejs/8.7.0/firebase-firestore.js","functions":"https://www.gstatic.com/firebasejs/8.7.0/firebase-functions.js","installations":"https://www.gstatic.com/firebasejs/8.7.0/firebase-installations.js","messaging":"https://www.gstatic.com/firebasejs/8.7.0/firebase-messaging.js","storage":"https://www.gstatic.com/firebasejs/8.7.0/firebase-storage.js","performance":"https://www.gstatic.com/firebasejs/8.7.0/firebase-performance.js","remote-config":"https://www.gstatic.com/firebasejs/8.7.0/firebase-remote-config.js","firestore.memory":"https://www.gstatic.com/firebasejs/8.7.0/firebase-firestore.memory.js"}}
[info] +  Wrote Continous-tracking-master/index.html 
[info] 
[info] i  Didn't detect a .git folder. Assuming C:\Users\yacin\Downloads\test car apps\Continous-tracking-master is the project root. 
[info] i  Authorizing with GitHub to upload your service account to a GitHub repository's secrets store. 
[info] 
[info] Visit this URL on this device to log in:
[info] https://github.com/login/oauth/authorize?client_id=89cf50f02ac6aaed3484&state=853681175&redirect_uri=http%3A%2F%2Flocalhost%3A9005&scope=read%3Auser%20repo%20public_repo
[info] 
[info] Waiting for authentication...
[debug] [2021-07-05T13:56:04.679Z] >>> HTTP REQUEST POST https://github.com/login/oauth/access_token  
 {"client_id":"89cf50f02ac6aaed3484","client_secret":"3330d14abc895d9a74d5f17cd7a00711fa2c5bf0","code":"49fd9adbe33cf5f8c53b","redirect_uri":"http://localhost:9005","state":"853681175"}
[debug] [2021-07-05T13:56:05.109Z] <<< HTTP RESPONSE 200 {"server":"GitHub.com","date":"Mon, 05 Jul 2021 13:56:05 GMT","content-type":"application/json; charset=utf-8","transfer-encoding":"chunked","vary":"X-PJAX, Accept-Encoding, Accept, X-Requested-With","permissions-policy":"interest-cohort=()","etag":"W/\"c66989ea2a73c9e889dbd533f78faa42\"","cache-control":"max-age=0, private, must-revalidate","strict-transport-security":"max-age=31536000; includeSubdomains; preload","x-frame-options":"deny","x-content-type-options":"nosniff","x-xss-protection":"0","referrer-policy":"origin-when-cross-origin, strict-origin-when-cross-origin","expect-ct":"max-age=2592000, report-uri=\"https://api.github.com/_private/browser/errors\"","content-security-policy":"default-src 'none'; base-uri 'self'; block-all-mixed-content; connect-src 'self' uploads.github.com www.githubstatus.com collector.githubapp.com api.github.com github-cloud.s3.amazonaws.com github-production-repository-file-5c1aeb.s3.amazonaws.com github-production-upload-manifest-file-7fdce7.s3.amazonaws.com github-production-user-asset-6210df.s3.amazonaws.com cdn.optimizely.com logx.optimizely.com/v1/events translator.github.com wss://alive.github.com; font-src github.githubassets.com; form-action 'self' github.com gist.github.com; frame-ancestors 'none'; frame-src render.githubusercontent.com render-temp.githubusercontent.com viewscreen.githubusercontent.com; img-src 'self' data: github.githubassets.com identicons.github.com collector.githubapp.com github-cloud.s3.amazonaws.com secured-user-images.githubusercontent.com/ *.githubusercontent.com; manifest-src 'self'; media-src 'none'; script-src github.githubassets.com; style-src 'unsafe-inline' github.githubassets.com; worker-src github.com/socket-worker-3f088aa2.js gist.github.com/socket-worker-3f088aa2.js","x-github-request-id":"4DE0:7432:98DD57:C2AA42:60E30F75"}
[debug] [2021-07-05T13:56:05.119Z] >>> [apiv2][query] GET https://api.github.com/user [none]
[debug] [2021-07-05T13:56:05.713Z] <<< [apiv2][status] GET https://api.github.com/user 200
[debug] [2021-07-05T13:56:05.713Z] <<< [apiv2][body] GET https://api.github.com/user {"login":"touahriayacine","id":61922403,"node_id":"MDQ6VXNlcjYxOTIyNDAz","avatar_url":"https://avatars.githubusercontent.com/u/61922403?v=4","gravatar_id":"","url":"https://api.github.com/users/touahriayacine","html_url":"https://github.com/touahriayacine","followers_url":"https://api.github.com/users/touahriayacine/followers","following_url":"https://api.github.com/users/touahriayacine/following{/other_user}","gists_url":"https://api.github.com/users/touahriayacine/gists{/gist_id}","starred_url":"https://api.github.com/users/touahriayacine/starred{/owner}{/repo}","subscriptions_url":"https://api.github.com/users/touahriayacine/subscriptions","organizations_url":"https://api.github.com/users/touahriayacine/orgs","repos_url":"https://api.github.com/users/touahriayacine/repos","events_url":"https://api.github.com/users/touahriayacine/events{/privacy}","received_events_url":"https://api.github.com/users/touahriayacine/received_events","type":"User","site_admin":false,"name":null,"company":null,"blog":"","location":null,"email":null,"hireable":null,"bio":null,"twitter_username":null,"public_repos":5,"public_gists":0,"followers":0,"following":0,"created_at":"2020-03-07T23:06:22Z","updated_at":"2021-07-05T11:25:25Z","private_gists":0,"total_private_repos":6,"owned_private_repos":6,"disk_usage":79511,"collaborators":0,"two_factor_authentication":false,"plan":{"name":"free","space":976562499,"collaborators":0,"private_repos":10000}}
[info] 
[info] +  Success! Logged into GitHub as touahriayacine 
[info] 
